[12:55:11] [ServerMain/INFO]: Building unoptimized datafixer
[12:55:12] [ServerMain/INFO]: Environment: authHost='https://authserver.mojang.com', accountsHost='https://api.mojang.com', sessionHost='https://sessionserver.mojang.com', servicesHost='https://api.minecraftservices.com', name='PROD'
[12:55:12] [ServerMain/INFO]: Found new data pack file/bukkit, loading it automatically
[12:55:13] [ServerMain/INFO]: Loaded 7 recipes
[12:55:14] [Server thread/INFO]: Starting minecraft server version 1.19
[12:55:14] [Server thread/INFO]: Loading properties
[12:55:14] [Server thread/INFO]: This server is running CraftBukkit version 3553-Spigot-14a2382-ef09464 (MC: 1.19) (Implementing API version 1.19-R0.1-SNAPSHOT)
[12:55:14] [Server thread/INFO]: Debug logging is disabled
[12:55:14] [Server thread/INFO]: Server Ping Player Sample Count: 12
[12:55:14] [Server thread/INFO]: Using 4 threads for Netty based IO
[12:55:14] [Server thread/INFO]: Default game type: SURVIVAL
[12:55:14] [Server thread/INFO]: Generating keypair
[12:55:14] [Server thread/INFO]: Starting Minecraft server on *:25565
[12:55:14] [Server thread/INFO]: Using epoll channel type
[12:55:14] [Server thread/INFO]: [UltimateTimber] Loading UltimateTimber v1.1
[12:55:14] [Server thread/INFO]: [sScreamer] Loading sScreamer v1.3
[12:55:14] [Server thread/INFO]: [Vault] Loading Vault v1.7.3-b131
[12:55:14] [Server thread/INFO]: [PlaceholderAPI] Loading PlaceholderAPI v2.11.4
[12:55:14] [Server thread/INFO]: [VeinMiner] Loading VeinMiner v1.0-SNAPSHOT
[12:55:14] [Server thread/INFO]: [ProtocolLib] Loading ProtocolLib v5.1.1-SNAPSHOT-669
[12:55:15] [Server thread/INFO]: [ChestSort] Loading ChestSort v13.6.4
[12:55:15] [Server thread/INFO]: [LibsDisguises] Loading LibsDisguises v10.0.38
[12:55:15] [Server thread/INFO]: [OfflinePlayers] Loading OfflinePlayers v2.7
[12:55:15] [Server thread/INFO]: [Vault] Enabling Vault v1.7.3-b131
[12:55:15] [Server thread/INFO]: [Vault] [Permission] SuperPermissions loaded as backup permission system.
[12:55:15] [Server thread/INFO]: [Vault] Enabled Version 1.7.3-b131
[12:55:15] [Server thread/INFO]: [ProtocolLib] Enabling ProtocolLib v5.1.1-SNAPSHOT-669
[12:55:15] [Server thread/WARN]: **** SERVER IS RUNNING IN OFFLINE/INSECURE MODE!
[12:55:15] [Server thread/WARN]: The server will make no attempt to authenticate usernames. Beware.
[12:55:15] [Server thread/WARN]: While this makes the game possible to play without internet access, it also opens up the ability for hackers to connect with any username they choose.
[12:55:15] [Server thread/WARN]: To change this, set "online-mode" to "true" in the server.properties file.
[12:55:15] [Server thread/INFO]: Preparing level "world"
[12:55:15] [Server thread/INFO]: -------- World Settings For [world] --------
[12:55:15] [Server thread/INFO]: Entity Activation Range: An 32 / Mo 32 / Ra 48 / Mi 16 / Tiv true / Isa false
[12:55:15] [Server thread/INFO]: Entity Tracking Range: Pl 48 / An 48 / Mo 48 / Mi 32 / Other 64
[12:55:15] [Server thread/INFO]: Hopper Transfer: 8 Hopper Check: 1 Hopper Amount: 1 Hopper Can Load Chunks: false
[12:55:15] [Server thread/INFO]: Custom Map Seeds:  Village: 10387312 Desert: 14357617 Igloo: 14357618 Jungle: 14357619 Swamp: 14357620 Monument: 10387313 Ocean: 14357621 Shipwreck: 165745295 End City: 10387313 Slime: 987234911 Nether: 30084232 Mansion: 10387319 Fossil: 14357921 Portal: 34222645
[12:55:15] [Server thread/INFO]: Cactus Growth Modifier: 100%
[12:55:15] [Server thread/INFO]: Cane Growth Modifier: 100%
[12:55:15] [Server thread/INFO]: Melon Growth Modifier: 100%
[12:55:15] [Server thread/INFO]: Mushroom Growth Modifier: 100%
[12:55:15] [Server thread/INFO]: Pumpkin Growth Modifier: 100%
[12:55:15] [Server thread/INFO]: Sapling Growth Modifier: 100%
[12:55:15] [Server thread/INFO]: Beetroot Growth Modifier: 100%
[12:55:15] [Server thread/INFO]: Carrot Growth Modifier: 100%
[12:55:15] [Server thread/INFO]: Potato Growth Modifier: 100%
[12:55:15] [Server thread/INFO]: Wheat Growth Modifier: 100%
[12:55:15] [Server thread/INFO]: NetherWart Growth Modifier: 100%
[12:55:15] [Server thread/INFO]: Vine Growth Modifier: 100%
[12:55:15] [Server thread/INFO]: Cocoa Growth Modifier: 100%
[12:55:15] [Server thread/INFO]: Bamboo Growth Modifier: 100%
[12:55:15] [Server thread/INFO]: SweetBerry Growth Modifier: 100%
[12:55:15] [Server thread/INFO]: Kelp Growth Modifier: 100%
[12:55:15] [Server thread/INFO]: Experience Merge Radius: 3.0
[12:55:15] [Server thread/INFO]: Mob Spawn Range: 6
[12:55:15] [Server thread/INFO]: Max TNT Explosions: 100
[12:55:15] [Server thread/INFO]: Tile Max Tick Time: 50ms Entity max Tick Time: 50ms
[12:55:15] [Server thread/INFO]: Item Despawn Rate: 6000
[12:55:15] [Server thread/INFO]: Item Merge Radius: 2.5
[12:55:15] [Server thread/INFO]: View Distance: 10
[12:55:15] [Server thread/INFO]: Simulation Distance: 10
[12:55:15] [Server thread/INFO]: Allow Zombie Pigmen to spawn from portal blocks: true
[12:55:15] [Server thread/INFO]: Arrow Despawn Rate: 1200 Trident Respawn Rate:1200
[12:55:15] [Server thread/INFO]: Zombie Aggressive Towards Villager: true
[12:55:15] [Server thread/INFO]: Nerfing mobs spawned from spawners: false
[12:55:24] [Server thread/INFO]: -------- World Settings For [world_nether] --------
[12:55:24] [Server thread/INFO]: Entity Activation Range: An 32 / Mo 32 / Ra 48 / Mi 16 / Tiv true / Isa false
[12:55:24] [Server thread/INFO]: Entity Tracking Range: Pl 48 / An 48 / Mo 48 / Mi 32 / Other 64
[12:55:24] [Server thread/INFO]: Hopper Transfer: 8 Hopper Check: 1 Hopper Amount: 1 Hopper Can Load Chunks: false
[12:55:24] [Server thread/INFO]: Custom Map Seeds:  Village: 10387312 Desert: 14357617 Igloo: 14357618 Jungle: 14357619 Swamp: 14357620 Monument: 10387313 Ocean: 14357621 Shipwreck: 165745295 End City: 10387313 Slime: 987234911 Nether: 30084232 Mansion: 10387319 Fossil: 14357921 Portal: 34222645
[12:55:24] [Server thread/INFO]: Cactus Growth Modifier: 100%
[12:55:24] [Server thread/INFO]: Cane Growth Modifier: 100%
[12:55:24] [Server thread/INFO]: Melon Growth Modifier: 100%
[12:55:24] [Server thread/INFO]: Mushroom Growth Modifier: 100%
[12:55:24] [Server thread/INFO]: Pumpkin Growth Modifier: 100%
[12:55:24] [Server thread/INFO]: Sapling Growth Modifier: 100%
[12:55:24] [Server thread/INFO]: Beetroot Growth Modifier: 100%
[12:55:24] [Server thread/INFO]: Carrot Growth Modifier: 100%
[12:55:24] [Server thread/INFO]: Potato Growth Modifier: 100%
[12:55:24] [Server thread/INFO]: Wheat Growth Modifier: 100%
[12:55:24] [Server thread/INFO]: NetherWart Growth Modifier: 100%
[12:55:24] [Server thread/INFO]: Vine Growth Modifier: 100%
[12:55:24] [Server thread/INFO]: Cocoa Growth Modifier: 100%
[12:55:24] [Server thread/INFO]: Bamboo Growth Modifier: 100%
[12:55:24] [Server thread/INFO]: SweetBerry Growth Modifier: 100%
[12:55:24] [Server thread/INFO]: Kelp Growth Modifier: 100%
[12:55:24] [Server thread/INFO]: Experience Merge Radius: 3.0
[12:55:24] [Server thread/INFO]: Mob Spawn Range: 6
[12:55:24] [Server thread/INFO]: Max TNT Explosions: 100
[12:55:24] [Server thread/INFO]: Tile Max Tick Time: 50ms Entity max Tick Time: 50ms
[12:55:24] [Server thread/INFO]: Item Despawn Rate: 6000
[12:55:24] [Server thread/INFO]: Item Merge Radius: 2.5
[12:55:24] [Server thread/INFO]: View Distance: 10
[12:55:24] [Server thread/INFO]: Simulation Distance: 10
[12:55:24] [Server thread/INFO]: Allow Zombie Pigmen to spawn from portal blocks: true
[12:55:24] [Server thread/INFO]: Arrow Despawn Rate: 1200 Trident Respawn Rate:1200
[12:55:24] [Server thread/INFO]: Zombie Aggressive Towards Villager: true
[12:55:24] [Server thread/INFO]: Nerfing mobs spawned from spawners: false
[12:55:25] [Server thread/INFO]: -------- World Settings For [world_the_end] --------
[12:55:25] [Server thread/INFO]: Entity Activation Range: An 32 / Mo 32 / Ra 48 / Mi 16 / Tiv true / Isa false
[12:55:25] [Server thread/INFO]: Entity Tracking Range: Pl 48 / An 48 / Mo 48 / Mi 32 / Other 64
[12:55:25] [Server thread/INFO]: Hopper Transfer: 8 Hopper Check: 1 Hopper Amount: 1 Hopper Can Load Chunks: false
[12:55:25] [Server thread/INFO]: Custom Map Seeds:  Village: 10387312 Desert: 14357617 Igloo: 14357618 Jungle: 14357619 Swamp: 14357620 Monument: 10387313 Ocean: 14357621 Shipwreck: 165745295 End City: 10387313 Slime: 987234911 Nether: 30084232 Mansion: 10387319 Fossil: 14357921 Portal: 34222645
[12:55:25] [Server thread/INFO]: Cactus Growth Modifier: 100%
[12:55:25] [Server thread/INFO]: Cane Growth Modifier: 100%
[12:55:25] [Server thread/INFO]: Melon Growth Modifier: 100%
[12:55:25] [Server thread/INFO]: Mushroom Growth Modifier: 100%
[12:55:25] [Server thread/INFO]: Pumpkin Growth Modifier: 100%
[12:55:25] [Server thread/INFO]: Sapling Growth Modifier: 100%
[12:55:25] [Server thread/INFO]: Beetroot Growth Modifier: 100%
[12:55:25] [Server thread/INFO]: Carrot Growth Modifier: 100%
[12:55:25] [Server thread/INFO]: Potato Growth Modifier: 100%
[12:55:25] [Server thread/INFO]: Wheat Growth Modifier: 100%
[12:55:25] [Server thread/INFO]: NetherWart Growth Modifier: 100%
[12:55:25] [Server thread/INFO]: Vine Growth Modifier: 100%
[12:55:25] [Server thread/INFO]: Cocoa Growth Modifier: 100%
[12:55:25] [Server thread/INFO]: Bamboo Growth Modifier: 100%
[12:55:25] [Server thread/INFO]: SweetBerry Growth Modifier: 100%
[12:55:25] [Server thread/INFO]: Kelp Growth Modifier: 100%
[12:55:25] [Server thread/INFO]: Experience Merge Radius: 3.0
[12:55:25] [Server thread/INFO]: Mob Spawn Range: 6
[12:55:25] [Server thread/INFO]: Max TNT Explosions: 100
[12:55:25] [Server thread/INFO]: Tile Max Tick Time: 50ms Entity max Tick Time: 50ms
[12:55:25] [Server thread/INFO]: Item Despawn Rate: 6000
[12:55:25] [Server thread/INFO]: Item Merge Radius: 2.5
[12:55:25] [Server thread/INFO]: View Distance: 10
[12:55:25] [Server thread/INFO]: Simulation Distance: 10
[12:55:25] [Server thread/INFO]: Allow Zombie Pigmen to spawn from portal blocks: true
[12:55:25] [Server thread/INFO]: Arrow Despawn Rate: 1200 Trident Respawn Rate:1200
[12:55:25] [Server thread/INFO]: Zombie Aggressive Towards Villager: true
[12:55:25] [Server thread/INFO]: Nerfing mobs spawned from spawners: false
[12:55:25] [Server thread/INFO]: Preparing start region for dimension minecraft:overworld
[12:55:26] [Worker-Main-8/INFO]: Preparing spawn area: 0%
[12:55:26] [Worker-Main-4/INFO]: Preparing spawn area: 0%
[12:55:26] [Worker-Main-6/INFO]: Preparing spawn area: 0%
[12:55:26] [Worker-Main-2/INFO]: Preparing spawn area: 0%
[12:55:27] [Worker-Main-5/INFO]: Preparing spawn area: 2%
[12:55:27] [Worker-Main-2/INFO]: Preparing spawn area: 3%
[12:55:28] [Worker-Main-1/INFO]: Preparing spawn area: 5%
[12:55:28] [Worker-Main-9/INFO]: Preparing spawn area: 8%
[12:55:29] [Worker-Main-6/INFO]: Preparing spawn area: 11%
[12:55:29] [Worker-Main-1/INFO]: Preparing spawn area: 15%
[12:55:30] [Worker-Main-5/INFO]: Preparing spawn area: 17%
[12:55:30] [Worker-Main-7/INFO]: Preparing spawn area: 21%
[12:55:31] [Worker-Main-7/INFO]: Preparing spawn area: 22%
[12:55:31] [Worker-Main-11/INFO]: Preparing spawn area: 26%
[12:55:32] [Worker-Main-7/INFO]: Preparing spawn area: 31%
[12:55:32] [Worker-Main-3/INFO]: Preparing spawn area: 34%
[12:55:33] [Worker-Main-11/INFO]: Preparing spawn area: 36%
[12:55:33] [Worker-Main-7/INFO]: Preparing spawn area: 41%
[12:55:34] [Worker-Main-9/INFO]: Preparing spawn area: 44%
[12:55:34] [Worker-Main-1/INFO]: Preparing spawn area: 49%
[12:55:35] [Worker-Main-6/INFO]: Preparing spawn area: 53%
[12:55:35] [Worker-Main-1/INFO]: Preparing spawn area: 55%
[12:55:36] [Worker-Main-1/INFO]: Preparing spawn area: 58%
[12:55:36] [Worker-Main-1/INFO]: Preparing spawn area: 63%
[12:55:37] [Worker-Main-6/INFO]: Preparing spawn area: 67%
[12:55:37] [Worker-Main-8/INFO]: Preparing spawn area: 70%
[12:55:38] [Worker-Main-11/INFO]: Preparing spawn area: 74%
[12:55:38] [Worker-Main-9/INFO]: Preparing spawn area: 79%
[12:55:39] [Worker-Main-9/INFO]: Preparing spawn area: 84%
[12:55:39] [Worker-Main-8/INFO]: Preparing spawn area: 87%
[12:55:40] [Worker-Main-9/INFO]: Preparing spawn area: 90%
[12:55:40] [Worker-Main-5/INFO]: Preparing spawn area: 94%
[12:55:41] [Worker-Main-1/INFO]: Preparing spawn area: 98%
[12:55:41] [Server thread/INFO]: Time elapsed: 16074 ms
[12:55:41] [Server thread/INFO]: Preparing start region for dimension minecraft:the_nether
[12:55:41] [Worker-Main-7/INFO]: Preparing spawn area: 0%
[12:55:42] [Worker-Main-9/INFO]: Preparing spawn area: 0%
[12:55:42] [Worker-Main-2/INFO]: Preparing spawn area: 3%
[12:55:43] [Worker-Main-1/INFO]: Preparing spawn area: 8%
[12:55:43] [Worker-Main-1/INFO]: Preparing spawn area: 12%
[12:55:44] [Worker-Main-1/INFO]: Preparing spawn area: 16%
[12:55:44] [Worker-Main-8/INFO]: Preparing spawn area: 22%
[12:55:45] [Worker-Main-11/INFO]: Preparing spawn area: 27%
[12:55:45] [Worker-Main-5/INFO]: Preparing spawn area: 32%
[12:55:46] [Worker-Main-11/INFO]: Preparing spawn area: 37%
[12:55:46] [Worker-Main-11/INFO]: Preparing spawn area: 43%
[12:55:47] [Worker-Main-5/INFO]: Preparing spawn area: 48%
[12:55:47] [Worker-Main-8/INFO]: Preparing spawn area: 55%
[12:55:48] [Worker-Main-7/INFO]: Preparing spawn area: 60%
[12:55:48] [Worker-Main-8/INFO]: Preparing spawn area: 68%
[12:55:49] [Worker-Main-4/INFO]: Preparing spawn area: 72%
[12:55:49] [Worker-Main-2/INFO]: Preparing spawn area: 79%
[12:55:50] [Worker-Main-11/INFO]: Preparing spawn area: 84%
[12:55:50] [Worker-Main-2/INFO]: Preparing spawn area: 90%
[12:55:51] [Worker-Main-2/INFO]: Preparing spawn area: 98%
[12:55:51] [Server thread/INFO]: Time elapsed: 9569 ms
[12:55:51] [Server thread/INFO]: Preparing start region for dimension minecraft:the_end
[12:55:51] [Worker-Main-10/INFO]: Preparing spawn area: 0%
[12:55:51] [Worker-Main-1/INFO]: Preparing spawn area: 5%
[12:55:52] [Worker-Main-1/INFO]: Preparing spawn area: 30%
[12:55:52] [Worker-Main-3/INFO]: Preparing spawn area: 85%
[12:55:52] [Server thread/INFO]: Time elapsed: 1621 ms
[12:55:52] [Server thread/INFO]: [UltimateTimber] Enabling UltimateTimber v1.1
[12:55:52] [Server thread/INFO]: [sScreamer] Enabling sScreamer v1.3
[12:55:52] [Server thread/INFO]: [m
[12:55:52] [Server thread/INFO]: [0;31;1m[21m[sScreamer] [0;30;1m- [0;32;1mPlugin enabled! 196 ms[m
[12:55:52] [Server thread/INFO]: [0;31;1m[21m[sScreamer] [0;30;1m- [0;32;1mThe server version: [0;36;1m3553-Spigot-14a2382-ef09464 (MC: 1.19)[m
[12:55:52] [Server thread/INFO]: [0;31;1m[21m[sScreamer] [0;30;1m- [0;32;1mJava version: [0;36;1m17.0.6 [0;30;1m| [0;32;1mHost: [0;36;1mLinux 5.14.0-1054-oem (amd64)[m
[12:55:52] [Server thread/INFO]: [m
[12:55:52] [Server thread/INFO]: [PlaceholderAPI] Enabling PlaceholderAPI v2.11.4
[12:55:53] [Server thread/INFO]: [PlaceholderAPI] Fetching available expansion information...
[12:55:53] [Server thread/INFO]: [VeinMiner] Enabling VeinMiner v1.0-SNAPSHOT
[12:55:53] [Server thread/INFO]: [VeinMiner] VeinMiner has been enabled!
[12:55:53] [Server thread/INFO]: [ChestSort] Enabling ChestSort v13.6.4
[12:55:53] [Server thread/INFO]: [ChestSort] Use permissions: false
[12:55:53] [Server thread/INFO]: [ChestSort] Current sorting method: {category},{itemsFirst},{name},{color},{customName}
[12:55:53] [Server thread/INFO]: [ChestSort] Allow automatic chest sorting:true
[12:55:53] [Server thread/INFO]: [ChestSort]   |- Chest sorting enabled by default: false
[12:55:53] [Server thread/INFO]: [ChestSort]   |- Sort time: close
[12:55:53] [Server thread/INFO]: [ChestSort] Allow automatic inventory sorting:true
[12:55:53] [Server thread/INFO]: [ChestSort]   |- Inventory sorting enabled by default: false
[12:55:53] [Server thread/INFO]: [ChestSort] Auto generate category files: true
[12:55:53] [Server thread/INFO]: [ChestSort] Allow hotkeys: true
[12:55:53] [Server thread/INFO]: [ChestSort] Hotkeys enabled by default:
[12:55:53] [Server thread/INFO]: [ChestSort]   |- Middle-Click: true
[12:55:53] [Server thread/INFO]: [ChestSort]   |- Shift-Click: true
[12:55:53] [Server thread/INFO]: [ChestSort]   |- Double-Click: true
[12:55:53] [Server thread/INFO]: [ChestSort]   |- Shift-Right-Click: true
[12:55:53] [Server thread/INFO]: [ChestSort] Allow additional hotkeys: true
[12:55:53] [Server thread/INFO]: [ChestSort] Additional hotkeys enabled by default:
[12:55:53] [Server thread/INFO]: [ChestSort]   |- Left-Click: false
[12:55:53] [Server thread/INFO]: [ChestSort]   |- Right-Click: false
[12:55:53] [Server thread/INFO]: [ChestSort] Check for updates: true
[12:55:53] [Server thread/INFO]: [ChestSort] Check interval: 4 hours (4.0 seconds)
[12:55:53] [Server thread/INFO]: [ChestSort] Categories: 900-weapons (6), 905-common-tools (4), 907-other-tools (6), 909-food (33), 910-valuables (47), 920-armor-and-arrows (9), 930-brewing (18), 950-redstone (23), 960-wood (60), 970-stone (38), 980-plants (50), 981-corals (1)
[12:55:53] [Server thread/INFO]: [PlaceholderAPI] Successfully registered internal expansion: chestsort [13.6.4]
[12:55:53] [Server thread/INFO]: [LibsDisguises] Enabling LibsDisguises v10.0.38
[12:55:53] [Server thread/ERROR]: [LibsDisguises] Please update from MC 1.19.0! You should be using at least 1.19.3! 1.19.1 is the lowest supported 1.19 version!
[12:55:53] [Server thread/INFO]: [LibsDisguises] File Name: LibsDisguises-10.0.38-Free.jar
[12:55:53] [Server thread/INFO]: [LibsDisguises] Discovered nms version: v1_19_R1 (v1_19_R1)
[12:55:53] [Server thread/INFO]: [LibsDisguises] Jenkins Build: #1253
[12:55:53] [Server thread/INFO]: [LibsDisguises] Build Date: 06/10/2023 01:50
[12:55:53] [Server thread/INFO]: [LibsDisguises] If you own the plugin, place the premium jar downloaded from https://www.spigotmc.org/resources/libs-disguises.32453/ in plugins/LibsDisguises/
[12:55:53] [Server thread/INFO]: [LibsDisguises] You are running the free version, commands limited to non-players and operators. (Console, Command Blocks, Admins)
[12:55:53] [Server thread/ERROR]: [LibsDisguises] ALLAY has MetaIndex remaining! AllayWatcher at index 16
[12:55:53] [Server thread/ERROR]: [LibsDisguises] ALLAY has MetaIndex remaining! AllayWatcher at index 17
[12:55:53] [Server thread/WARN]: java.lang.NoSuchMethodError: 'net.minecraft.world.phys.AxisAlignedBB net.minecraft.world.entity.Entity.cy()'
[12:55:53] [Server thread/WARN]: 	at me.libraryaddict.disguise.utilities.reflection.v1_19_R1.ReflectionManager.getBoundingBox(ReflectionManager.java:177)
[12:55:53] [Server thread/WARN]: 	at me.libraryaddict.disguise.utilities.reflection.v1_19_R1.ReflectionManager.getXBoundingBox(ReflectionManager.java:181)
[12:55:53] [Server thread/WARN]: 	at me.libraryaddict.disguise.utilities.reflection.ReflectionManager.getBoundingBox(ReflectionManager.java:692)
[12:55:53] [Server thread/WARN]: 	at me.libraryaddict.disguise.utilities.reflection.ReflectionManager.createNMSValues(ReflectionManager.java:2506)
[12:55:53] [Server thread/WARN]: 	at me.libraryaddict.disguise.utilities.reflection.ReflectionManager.registerValues(ReflectionManager.java:2269)
[12:55:53] [Server thread/WARN]: 	at me.libraryaddict.disguise.LibsDisguises.onEnable(LibsDisguises.java:260)
[12:55:53] [Server thread/WARN]: 	at org.bukkit.plugin.java.JavaPlugin.setEnabled(JavaPlugin.java:264)
[12:55:53] [Server thread/WARN]: 	at org.bukkit.plugin.java.JavaPluginLoader.enablePlugin(JavaPluginLoader.java:342)
[12:55:53] [Server thread/WARN]: 	at org.bukkit.plugin.SimplePluginManager.enablePlugin(SimplePluginManager.java:480)
[12:55:53] [Server thread/WARN]: 	at org.bukkit.craftbukkit.v1_19_R1.CraftServer.enablePlugin(CraftServer.java:523)
[12:55:53] [Server thread/WARN]: 	at org.bukkit.craftbukkit.v1_19_R1.CraftServer.enablePlugins(CraftServer.java:437)
[12:55:53] [Server thread/WARN]: 	at net.minecraft.server.MinecraftServer.loadWorld0(MinecraftServer.java:582)
[12:55:53] [Server thread/WARN]: 	at net.minecraft.server.MinecraftServer.loadLevel(MinecraftServer.java:401)
[12:55:53] [Server thread/WARN]: 	at net.minecraft.server.dedicated.DedicatedServer.e(DedicatedServer.java:255)
[12:55:53] [Server thread/WARN]: 	at net.minecraft.server.MinecraftServer.v(MinecraftServer.java:966)
[12:55:53] [Server thread/WARN]: 	at net.minecraft.server.MinecraftServer.lambda$0(MinecraftServer.java:291)
[12:55:53] [Server thread/WARN]: 	at java.base/java.lang.Thread.run(Thread.java:833)
[12:55:53] [Server thread/WARN]: java.lang.NoSuchMethodError: 'net.minecraft.world.phys.AxisAlignedBB net.minecraft.world.entity.Entity.cy()'
[12:55:53] [Server thread/WARN]: 	at me.libraryaddict.disguise.utilities.reflection.v1_19_R1.ReflectionManager.getBoundingBox(ReflectionManager.java:177)
[12:55:53] [Server thread/WARN]: 	at me.libraryaddict.disguise.utilities.reflection.v1_19_R1.ReflectionManager.getXBoundingBox(ReflectionManager.java:181)
[12:55:53] [Server thread/WARN]: 	at me.libraryaddict.disguise.utilities.reflection.ReflectionManager.getBoundingBox(ReflectionManager.java:692)
[12:55:53] [Server thread/WARN]: 	at me.libraryaddict.disguise.utilities.reflection.ReflectionManager.createNMSValues(ReflectionManager.java:2506)
[12:55:53] [Server thread/WARN]: 	at me.libraryaddict.disguise.utilities.reflection.ReflectionManager.registerValues(ReflectionManager.java:2269)
[12:55:53] [Server thread/WARN]: 	at me.libraryaddict.disguise.LibsDisguises.onEnable(LibsDisguises.java:260)
[12:55:53] [Server thread/WARN]: 	at org.bukkit.plugin.java.JavaPlugin.setEnabled(JavaPlugin.java:264)
[12:55:53] [Server thread/WARN]: 	at org.bukkit.plugin.java.JavaPluginLoader.enablePlugin(JavaPluginLoader.java:342)
[12:55:53] [Server thread/WARN]: 	at org.bukkit.plugin.SimplePluginManager.enablePlugin(SimplePluginManager.java:480)
[12:55:53] [Server thread/WARN]: 	at org.bukkit.craftbukkit.v1_19_R1.CraftServer.enablePlugin(CraftServer.java:523)
[12:55:53] [Server thread/WARN]: 	at org.bukkit.craftbukkit.v1_19_R1.CraftServer.enablePlugins(CraftServer.java:437)
[12:55:53] [Server thread/WARN]: 	at net.minecraft.server.MinecraftServer.loadWorld0(MinecraftServer.java:582)
[12:55:53] [Server thread/WARN]: 	at net.minecraft.server.MinecraftServer.loadLevel(MinecraftServer.java:401)
[12:55:53] [Server thread/WARN]: 	at net.minecraft.server.dedicated.DedicatedServer.e(DedicatedServer.java:255)
[12:55:53] [Server thread/WARN]: 	at net.minecraft.server.MinecraftServer.v(MinecraftServer.java:966)
[12:55:53] [Server thread/WARN]: 	at net.minecraft.server.MinecraftServer.lambda$0(MinecraftServer.java:291)
[12:55:53] [Server thread/WARN]: 	at java.base/java.lang.Thread.run(Thread.java:833)
[12:55:53] [Server thread/WARN]: java.lang.NoSuchMethodError: 'net.minecraft.world.phys.AxisAlignedBB net.minecraft.world.entity.Entity.cy()'
[12:55:53] [Server thread/WARN]: 	at me.libraryaddict.disguise.utilities.reflection.v1_19_R1.ReflectionManager.getBoundingBox(ReflectionManager.java:177)
[12:55:53] [Server thread/WARN]: 	at me.libraryaddict.disguise.utilities.reflection.v1_19_R1.ReflectionManager.getXBoundingBox(ReflectionManager.java:181)
[12:55:53] [Server thread/WARN]: 	at me.libraryaddict.disguise.utilities.reflection.ReflectionManager.getBoundingBox(ReflectionManager.java:692)
[12:55:53] [Server thread/WARN]: 	at me.libraryaddict.disguise.utilities.reflection.ReflectionManager.createNMSValues(ReflectionManager.java:2506)
[12:55:53] [Server thread/WARN]: 	at me.libraryaddict.disguise.utilities.reflection.ReflectionManager.registerValues(ReflectionManager.java:2269)
[12:55:53] [Server thread/WARN]: 	at me.libraryaddict.disguise.LibsDisguises.onEnable(LibsDisguises.java:260)
[12:55:53] [Server thread/WARN]: 	at org.bukkit.plugin.java.JavaPlugin.setEnabled(JavaPlugin.java:264)
[12:55:53] [Server thread/WARN]: 	at org.bukkit.plugin.java.JavaPluginLoader.enablePlugin(JavaPluginLoader.java:342)
[12:55:53] [Server thread/WARN]: 	at org.bukkit.plugin.SimplePluginManager.enablePlugin(SimplePluginManager.java:480)
[12:55:53] [Server thread/WARN]: 	at org.bukkit.craftbukkit.v1_19_R1.CraftServer.enablePlugin(CraftServer.java:523)
[12:55:53] [Server thread/WARN]: 	at org.bukkit.craftbukkit.v1_19_R1.CraftServer.enablePlugins(CraftServer.java:437)
[12:55:53] [Server thread/WARN]: 	at net.minecraft.server.MinecraftServer.loadWorld0(MinecraftServer.java:582)
[12:55:53] [Server thread/WARN]: 	at net.minecraft.server.MinecraftServer.loadLevel(MinecraftServer.java:401)
[12:55:53] [Server thread/WARN]: 	at net.minecraft.server.dedicated.DedicatedServer.e(DedicatedServer.java:255)
[12:55:53] [Server thread/WARN]: 	at net.minecraft.server.MinecraftServer.v(MinecraftServer.java:966)
[12:55:53] [Server thread/WARN]: 	at net.minecraft.server.MinecraftServer.lambda$0(MinecraftServer.java:291)
[12:55:53] [Server thread/WARN]: 	at java.base/java.lang.Thread.run(Thread.java:833)
[12:55:53] [Server thread/WARN]: java.lang.NoSuchMethodError: 'net.minecraft.world.phys.AxisAlignedBB net.minecraft.world.entity.Entity.cy()'
[12:55:53] [Server thread/WARN]: 	at me.libraryaddict.disguise.utilities.reflection.v1_19_R1.ReflectionManager.getBoundingBox(ReflectionManager.java:177)
[12:55:53] [Server thread/WARN]: 	at me.libraryaddict.disguise.utilities.reflection.v1_19_R1.ReflectionManager.getXBoundingBox(ReflectionManager.java:181)
[12:55:53] [Server thread/WARN]: 	at me.libraryaddict.disguise.utilities.reflection.ReflectionManager.getBoundingBox(ReflectionManager.java:692)
[12:55:53] [Server thread/WARN]: 	at me.libraryaddict.disguise.utilities.reflection.ReflectionManager.createNMSValues(ReflectionManager.java:2506)
[12:55:53] [Server thread/WARN]: 	at me.libraryaddict.disguise.utilities.reflection.ReflectionManager.registerValues(ReflectionManager.java:2269)
[12:55:53] [Server thread/WARN]: 	at me.libraryaddict.disguise.LibsDisguises.onEnable(LibsDisguises.java:260)
[12:55:53] [Server thread/WARN]: 	at org.bukkit.plugin.java.JavaPlugin.setEnabled(JavaPlugin.java:264)
[12:55:53] [Server thread/WARN]: 	at org.bukkit.plugin.java.JavaPluginLoader.enablePlugin(JavaPluginLoader.java:342)
[12:55:53] [Server thread/WARN]: 	at org.bukkit.plugin.SimplePluginManager.enablePlugin(SimplePluginManager.java:480)
[12:55:53] [Server thread/WARN]: 	at org.bukkit.craftbukkit.v1_19_R1.CraftServer.enablePlugin(CraftServer.java:523)
[12:55:53] [Server thread/WARN]: 	at org.bukkit.craftbukkit.v1_19_R1.CraftServer.enablePlugins(CraftServer.java:437)
[12:55:53] [Server thread/WARN]: 	at net.minecraft.server.MinecraftServer.loadWorld0(MinecraftServer.java:582)
[12:55:53] [Server thread/WARN]: 	at net.minecraft.server.MinecraftServer.loadLevel(MinecraftServer.java:401)
[12:55:53] [Server thread/WARN]: 	at net.minecraft.server.dedicated.DedicatedServer.e(DedicatedServer.java:255)
[12:55:53] [Server thread/WARN]: 	at net.minecraft.server.MinecraftServer.v(MinecraftServer.java:966)
[12:55:53] [Server thread/WARN]: 	at net.minecraft.server.MinecraftServer.lambda$0(MinecraftServer.java:291)
[12:55:53] [Server thread/WARN]: 	at java.base/java.lang.Thread.run(Thread.java:833)
[12:55:53] [Server thread/WARN]: java.lang.NoSuchMethodError: 'net.minecraft.world.phys.AxisAlignedBB net.minecraft.world.entity.Entity.cy()'
[12:55:53] [Server thread/WARN]: 	at me.libraryaddict.disguise.utilities.reflection.v1_19_R1.ReflectionManager.getBoundingBox(ReflectionManager.java:177)
[12:55:53] [Server thread/WARN]: 	at me.libraryaddict.disguise.utilities.reflection.v1_19_R1.ReflectionManager.getXBoundingBox(ReflectionManager.java:181)
[12:55:53] [Server thread/WARN]: 	at me.libraryaddict.disguise.utilities.reflection.ReflectionManager.getBoundingBox(ReflectionManager.java:692)
[12:55:53] [Server thread/WARN]: 	at me.libraryaddict.disguise.utilities.reflection.ReflectionManager.createNMSValues(ReflectionManager.java:2506)
[12:55:53] [Server thread/WARN]: 	at me.libraryaddict.disguise.utilities.reflection.ReflectionManager.registerValues(ReflectionManager.java:2269)
[12:55:53] [Server thread/WARN]: 	at me.libraryaddict.disguise.LibsDisguises.onEnable(LibsDisguises.java:260)
[12:55:53] [Server thread/WARN]: 	at org.bukkit.plugin.java.JavaPlugin.setEnabled(JavaPlugin.java:264)
[12:55:53] [Server thread/WARN]: 	at org.bukkit.plugin.java.JavaPluginLoader.enablePlugin(JavaPluginLoader.java:342)
[12:55:53] [Server thread/WARN]: 	at org.bukkit.plugin.SimplePluginManager.enablePlugin(SimplePluginManager.java:480)
[12:55:53] [Server thread/WARN]: 	at org.bukkit.craftbukkit.v1_19_R1.CraftServer.enablePlugin(CraftServer.java:523)
[12:55:53] [Server thread/WARN]: 	at org.bukkit.craftbukkit.v1_19_R1.CraftServer.enablePlugins(CraftServer.java:437)
[12:55:53] [Server thread/WARN]: 	at net.minecraft.server.MinecraftServer.loadWorld0(MinecraftServer.java:582)
[12:55:53] [Server thread/WARN]: 	at net.minecraft.server.MinecraftServer.loadLevel(MinecraftServer.java:401)
[12:55:53] [Server thread/WARN]: 	at net.minecraft.server.dedicated.DedicatedServer.e(DedicatedServer.java:255)
[12:55:53] [Server thread/WARN]: 	at net.minecraft.server.MinecraftServer.v(MinecraftServer.java:966)
[12:55:53] [Server thread/WARN]: 	at net.minecraft.server.MinecraftServer.lambda$0(MinecraftServer.java:291)
[12:55:53] [Server thread/WARN]: 	at java.base/java.lang.Thread.run(Thread.java:833)
[12:55:53] [Server thread/ERROR]: Error occurred while enabling LibsDisguises v10.0.38 (Is it up to date?)
java.lang.NoSuchMethodError: 'net.minecraft.world.phys.AxisAlignedBB net.minecraft.world.entity.Entity.cy()'
	at me.libraryaddict.disguise.utilities.reflection.v1_19_R1.ReflectionManager.getBoundingBox(ReflectionManager.java:177) ~[?:?]
	at me.libraryaddict.disguise.utilities.reflection.v1_19_R1.ReflectionManager.getXBoundingBox(ReflectionManager.java:181) ~[?:?]
	at me.libraryaddict.disguise.utilities.reflection.ReflectionManager.getBoundingBox(ReflectionManager.java:692) ~[?:?]
	at me.libraryaddict.disguise.utilities.reflection.ReflectionManager.createNMSValues(ReflectionManager.java:2506) ~[?:?]
	at me.libraryaddict.disguise.utilities.reflection.ReflectionManager.registerValues(ReflectionManager.java:2269) ~[?:?]
	at me.libraryaddict.disguise.LibsDisguises.onEnable(LibsDisguises.java:260) ~[?:?]
	at org.bukkit.plugin.java.JavaPlugin.setEnabled(JavaPlugin.java:264) ~[spigot-api-1.19-R0.1-SNAPSHOT.jar:?]
	at org.bukkit.plugin.java.JavaPluginLoader.enablePlugin(JavaPluginLoader.java:342) ~[spigot-api-1.19-R0.1-SNAPSHOT.jar:?]
	at org.bukkit.plugin.SimplePluginManager.enablePlugin(SimplePluginManager.java:480) ~[spigot-api-1.19-R0.1-SNAPSHOT.jar:?]
	at org.bukkit.craftbukkit.v1_19_R1.CraftServer.enablePlugin(CraftServer.java:523) ~[spigot-1.19-R0.1-SNAPSHOT.jar:3553-Spigot-14a2382-ef09464]
	at org.bukkit.craftbukkit.v1_19_R1.CraftServer.enablePlugins(CraftServer.java:437) ~[spigot-1.19-R0.1-SNAPSHOT.jar:3553-Spigot-14a2382-ef09464]
	at net.minecraft.server.MinecraftServer.loadWorld0(MinecraftServer.java:582) ~[spigot-1.19-R0.1-SNAPSHOT.jar:3553-Spigot-14a2382-ef09464]
	at net.minecraft.server.MinecraftServer.loadLevel(MinecraftServer.java:401) ~[spigot-1.19-R0.1-SNAPSHOT.jar:3553-Spigot-14a2382-ef09464]
	at net.minecraft.server.dedicated.DedicatedServer.e(DedicatedServer.java:255) ~[spigot-1.19-R0.1-SNAPSHOT.jar:3553-Spigot-14a2382-ef09464]
	at net.minecraft.server.MinecraftServer.v(MinecraftServer.java:966) ~[spigot-1.19-R0.1-SNAPSHOT.jar:3553-Spigot-14a2382-ef09464]
	at net.minecraft.server.MinecraftServer.lambda$0(MinecraftServer.java:291) ~[spigot-1.19-R0.1-SNAPSHOT.jar:3553-Spigot-14a2382-ef09464]
	at java.lang.Thread.run(Thread.java:833) [?:?]
[12:55:53] [Server thread/INFO]: [OfflinePlayers] Enabling OfflinePlayers v2.7
[12:55:53] [Server thread/INFO]: [0;32;1mOfflinePlayers starting in version 2.7[m
[12:55:53] [Server thread/INFO]: Server permissions file permissions.yml is empty, ignoring it
[12:55:53] [Server thread/INFO]: [PlaceholderAPI] Placeholder expansion registration initializing...
[12:55:53] [Server thread/INFO]: [0;33;22m0 placeholder hook(s) registered![m
[12:55:53] [Server thread/INFO]: Done (37.664s)! For help, type "help"
[12:55:53] [Craft Scheduler Thread - 0/INFO]: [Vault] Checking for Updates ... 
[12:55:53] [Craft Scheduler Thread - 0/INFO]: [Vault] No new version available
[12:57:25] [User Authenticator #1/INFO]: UUID of player Curbanii is 2d317222-4cca-3ae0-a774-efebef967e0e
[12:57:25] [Server thread/INFO]: Curbanii joined the game
[12:57:25] [Server thread/INFO]: Curbanii[/172.16.22.193:37484] logged in with entity id 410 at ([world]3.5, 77.0, 1.5)
[12:59:12] [Server thread/INFO]: Curbanii lost connection: Disconnected
[12:59:12] [Server thread/WARN]: java.lang.NullPointerException: Cannot invoke "java.lang.Class.getConstructor(java.lang.Class[])" because the return value of "me.libraryaddict.disguise.disguisetypes.DisguiseType.getWatcherClass()" is null
[12:59:12] [Server thread/WARN]: 	at me.libraryaddict.disguise.disguisetypes.Disguise.createDisguise(Disguise.java:277)
[12:59:12] [Server thread/WARN]: 	at me.libraryaddict.disguise.disguisetypes.PlayerDisguise.<init>(PlayerDisguise.java:69)
[12:59:12] [Server thread/WARN]: 	at me.libraryaddict.disguise.disguisetypes.PlayerDisguise.<init>(PlayerDisguise.java:49)
[12:59:12] [Server thread/WARN]: 	at de.snap20lp.offlineplayers.OfflinePlayer.spawnClone(OfflinePlayer.java:238)
[12:59:12] [Server thread/WARN]: 	at de.snap20lp.offlineplayers.OfflinePlayer.<init>(OfflinePlayer.java:63)
[12:59:12] [Server thread/WARN]: 	at de.snap20lp.offlineplayers.OfflinePlayers.on(OfflinePlayers.java:187)
[12:59:12] [Server thread/WARN]: 	at java.base/jdk.internal.reflect.NativeMethodAccessorImpl.invoke0(Native Method)
[12:59:12] [Server thread/WARN]: 	at java.base/jdk.internal.reflect.NativeMethodAccessorImpl.invoke(NativeMethodAccessorImpl.java:77)
[12:59:12] [Server thread/WARN]: 	at java.base/jdk.internal.reflect.DelegatingMethodAccessorImpl.invoke(DelegatingMethodAccessorImpl.java:43)
[12:59:12] [Server thread/WARN]: 	at java.base/java.lang.reflect.Method.invoke(Method.java:568)
[12:59:12] [Server thread/WARN]: 	at org.bukkit.plugin.java.JavaPluginLoader$1.execute(JavaPluginLoader.java:306)
[12:59:12] [Server thread/WARN]: 	at org.bukkit.plugin.RegisteredListener.callEvent(RegisteredListener.java:70)
[12:59:12] [Server thread/WARN]: 	at org.bukkit.plugin.SimplePluginManager.fireEvent(SimplePluginManager.java:589)
[12:59:12] [Server thread/WARN]: 	at org.bukkit.plugin.SimplePluginManager.callEvent(SimplePluginManager.java:576)
[12:59:12] [Server thread/WARN]: 	at net.minecraft.server.players.PlayerList.remove(PlayerList.java:501)
[12:59:12] [Server thread/WARN]: 	at net.minecraft.server.network.PlayerConnection.a(PlayerConnection.java:1725)
[12:59:12] [Server thread/WARN]: 	at net.minecraft.network.NetworkManager.m(NetworkManager.java:416)
[12:59:12] [Server thread/WARN]: 	at net.minecraft.server.network.ServerConnection.c(ServerConnection.java:193)
[12:59:12] [Server thread/WARN]: 	at net.minecraft.server.MinecraftServer.b(MinecraftServer.java:1312)
[12:59:12] [Server thread/WARN]: 	at net.minecraft.server.dedicated.DedicatedServer.b(DedicatedServer.java:394)
[12:59:12] [Server thread/WARN]: 	at net.minecraft.server.MinecraftServer.a(MinecraftServer.java:1197)
[12:59:12] [Server thread/WARN]: 	at net.minecraft.server.MinecraftServer.v(MinecraftServer.java:1010)
[12:59:12] [Server thread/WARN]: 	at net.minecraft.server.MinecraftServer.lambda$0(MinecraftServer.java:291)
[12:59:12] [Server thread/WARN]: 	at java.base/java.lang.Thread.run(Thread.java:833)
[12:59:12] [Server thread/ERROR]: Could not pass event PlayerQuitEvent to OfflinePlayers v2.7
org.bukkit.event.EventException: null
	at org.bukkit.plugin.java.JavaPluginLoader$1.execute(JavaPluginLoader.java:310) ~[spigot-api-1.19-R0.1-SNAPSHOT.jar:?]
	at org.bukkit.plugin.RegisteredListener.callEvent(RegisteredListener.java:70) ~[spigot-api-1.19-R0.1-SNAPSHOT.jar:?]
	at org.bukkit.plugin.SimplePluginManager.fireEvent(SimplePluginManager.java:589) ~[spigot-api-1.19-R0.1-SNAPSHOT.jar:?]
	at org.bukkit.plugin.SimplePluginManager.callEvent(SimplePluginManager.java:576) ~[spigot-api-1.19-R0.1-SNAPSHOT.jar:?]
	at net.minecraft.server.players.PlayerList.remove(PlayerList.java:501) ~[spigot-1.19-R0.1-SNAPSHOT.jar:3553-Spigot-14a2382-ef09464]
	at net.minecraft.server.network.PlayerConnection.a(PlayerConnection.java:1725) ~[spigot-1.19-R0.1-SNAPSHOT.jar:3553-Spigot-14a2382-ef09464]
	at net.minecraft.network.NetworkManager.m(NetworkManager.java:416) ~[spigot-1.19-R0.1-SNAPSHOT.jar:3553-Spigot-14a2382-ef09464]
	at net.minecraft.server.network.ServerConnection.c(ServerConnection.java:193) ~[spigot-1.19-R0.1-SNAPSHOT.jar:3553-Spigot-14a2382-ef09464]
	at net.minecraft.server.MinecraftServer.b(MinecraftServer.java:1312) ~[spigot-1.19-R0.1-SNAPSHOT.jar:3553-Spigot-14a2382-ef09464]
	at net.minecraft.server.dedicated.DedicatedServer.b(DedicatedServer.java:394) ~[spigot-1.19-R0.1-SNAPSHOT.jar:3553-Spigot-14a2382-ef09464]
	at net.minecraft.server.MinecraftServer.a(MinecraftServer.java:1197) ~[spigot-1.19-R0.1-SNAPSHOT.jar:3553-Spigot-14a2382-ef09464]
	at net.minecraft.server.MinecraftServer.v(MinecraftServer.java:1010) ~[spigot-1.19-R0.1-SNAPSHOT.jar:3553-Spigot-14a2382-ef09464]
	at net.minecraft.server.MinecraftServer.lambda$0(MinecraftServer.java:291) ~[spigot-1.19-R0.1-SNAPSHOT.jar:3553-Spigot-14a2382-ef09464]
	at java.lang.Thread.run(Thread.java:833) [?:?]
Caused by: java.lang.NullPointerException: Cannot invoke "me.libraryaddict.disguise.disguisetypes.FlagWatcher.setCustomName(String)" because the return value of "me.libraryaddict.disguise.disguisetypes.TargetedDisguise.getWatcher()" is null
	at de.snap20lp.offlineplayers.OfflinePlayer.spawnClone(OfflinePlayer.java:246) ~[?:?]
	at de.snap20lp.offlineplayers.OfflinePlayer.<init>(OfflinePlayer.java:63) ~[?:?]
	at de.snap20lp.offlineplayers.OfflinePlayers.on(OfflinePlayers.java:187) ~[?:?]
	at jdk.internal.reflect.NativeMethodAccessorImpl.invoke0(Native Method) ~[?:?]
	at jdk.internal.reflect.NativeMethodAccessorImpl.invoke(NativeMethodAccessorImpl.java:77) ~[?:?]
	at jdk.internal.reflect.DelegatingMethodAccessorImpl.invoke(DelegatingMethodAccessorImpl.java:43) ~[?:?]
	at java.lang.reflect.Method.invoke(Method.java:568) ~[?:?]
	at org.bukkit.plugin.java.JavaPluginLoader$1.execute(JavaPluginLoader.java:306) ~[spigot-api-1.19-R0.1-SNAPSHOT.jar:?]
	... 13 more
[12:59:12] [Server thread/INFO]: Curbanii left the game
[12:59:18] [User Authenticator #2/INFO]: UUID of player Curbanii is 2d317222-4cca-3ae0-a774-efebef967e0e
[12:59:18] [Server thread/INFO]: Curbanii joined the game
[12:59:18] [Server thread/INFO]: Curbanii[/172.16.22.193:53976] logged in with entity id 888 at ([world]0.30000001192092896, 72.0, 11.619869800519567)
[12:59:21] [User Authenticator #3/INFO]: UUID of player baeryy is 6e070e0f-1680-34aa-970a-df25cb61a5cf
[12:59:21] [Server thread/INFO]: baeryy joined the game
[12:59:21] [Server thread/INFO]: baeryy[/172.16.22.94:47136] logged in with entity id 922 at ([world]-4.5, 84.0, -2.5)
[12:59:26] [Server thread/INFO]: Named entity EntityFox['Offline - Curbanii 20'/887, l='ServerLevel[world]', x=0.30, y=72.00, z=11.70] died: Offline - Curbanii 20 was slain by Curbanii
[13:01:26] [Server thread/INFO]: Teleported baeryy to Curbanii
[13:01:26] [Server thread/WARN]: baeryy moved too quickly! 30.64727607651244,-10.0,5.769400641942827
[13:03:42] [Server thread/INFO]: baeryy has made the advancement [Monster Hunter]
[13:04:08] [Async Chat Thread - #0/INFO]: <Curbanii> 39 150[m
[13:04:58] [Server thread/INFO]: baeryy hit the ground too hard
[13:08:32] [Server thread/INFO]: Curbanii has made the advancement [Monster Hunter]
[13:08:44] [Server thread/INFO]: baeryy has made the advancement [Stone Age]
[13:09:22] [Server thread/INFO]: baeryy has made the advancement [Getting an Upgrade]
[13:09:30] [Server thread/INFO]: Curbanii has made the advancement [Getting an Upgrade]
[13:10:12] [Server thread/INFO]: Curbanii has made the advancement [Stone Age]
[13:26:59] [Server thread/INFO]: Curbanii has made the advancement [Sweet Dreams]
[13:34:40] [Async Chat Thread - #1/INFO]: <Curbanii> zzzz[m
[13:34:43] [Server thread/INFO]: baeryy has made the advancement [Sweet Dreams]
[13:36:14] [Server thread/INFO]: baeryy has made the advancement [Acquire Hardware]
[13:36:26] [Server thread/INFO]: baeryy has made the advancement [Isn't It Iron Pick]
[13:36:32] [Server thread/INFO]: Curbanii has made the advancement [Isn't It Iron Pick]
[13:44:48] [Server thread/INFO]: Unknown command. Type "/help" for help.[m
[13:44:51] [Server thread/INFO]: [0;33;1m--------- [0;37;1mHelp: Index [0;33;1m---------------------------[m
[13:44:51] [Server thread/INFO]: [0;37;22mUse /help [n] to get page n of help.[m
[13:44:51] [Server thread/INFO]: [0;37;22m[0;33;22mAliases: [0;37;1mLists command aliases[m
[13:44:51] [Server thread/INFO]: [0;37;1m[0;33;22mBukkit: [0;37;1mAll commands for Bukkit[m
[13:44:51] [Server thread/INFO]: [0;37;1m[0;33;22mChestSort: [0;37;1mAll commands for ChestSort[m
[13:44:51] [Server thread/INFO]: [0;37;1m[0;33;22mLibsDisguises: [0;37;1mAll commands for LibsDisguises[m
[13:44:51] [Server thread/INFO]: [0;37;1m[0;33;22mMinecraft: [0;37;1mAll commands for Minecraft[m
[13:44:51] [Server thread/INFO]: [0;37;1m[0;33;22mPlaceholderAPI: [0;37;1mAll commands for PlaceholderAPI[m
[13:44:51] [Server thread/INFO]: [0;37;1m[0;33;22mProtocolLib: [0;37;1mAll commands for ProtocolLib[m
[13:44:51] [Server thread/INFO]: [0;37;1m[0;33;22msScreamer: [0;37;1mAll commands for sScreamer[m
[13:44:51] [Server thread/INFO]: [0;37;1m[0;33;22mUltimateTimber: [0;37;1mAll commands for UltimateTimber[m
[13:44:51] [Server thread/INFO]: [0;37;1m[0;33;22mVault: [0;37;1mAll commands for Vault[m
[13:44:51] [Server thread/INFO]: [0;37;1m[0;33;22m/advancement: [0;37;1mA Mojang provided command.[m
[13:44:51] [Server thread/INFO]: [0;37;1m[0;33;22m/attribute: [0;37;1mA Mojang provided command.[m
[13:44:51] [Server thread/INFO]: [0;37;1m[0;33;22m/ban: [0;37;1mA Mojang provided command.[m
[13:44:51] [Server thread/INFO]: [0;37;1m[0;33;22m/ban-ip: [0;37;1mA Mojang provided command.[m
[13:44:51] [Server thread/INFO]: [0;37;1m[0;33;22m/banlist: [0;37;1mA Mojang provided command.[m
[13:44:51] [Server thread/INFO]: [0;37;1m[0;33;22m/bossbar: [0;37;1mA Mojang provided command.[m
[13:44:51] [Server thread/INFO]: [0;37;1m[0;33;22m/clear: [0;37;1mA Mojang provided command.[m
[13:44:51] [Server thread/INFO]: [0;37;1m[0;33;22m/clone: [0;37;1mA Mojang provided command.[m
[13:44:51] [Server thread/INFO]: [0;37;1m[0;33;22m/copydisguise: [0;37;1mOutput a disguise to a usable string[m
[13:44:51] [Server thread/INFO]: [0;37;1m[0;33;22m/data: [0;37;1mA Mojang provided command.[m
[13:44:51] [Server thread/INFO]: [0;37;1m[0;33;22m/datapack: [0;37;1mA Mojang provided command.[m
[13:44:51] [Server thread/INFO]: [0;37;1m[0;33;22m/debug: [0;37;1mA Mojang provided command.[m
[13:44:51] [Server thread/INFO]: [0;37;1m[0;33;22m/defaultgamemode: [0;37;1mA Mojang provided command.[m
[13:44:51] [Server thread/INFO]: [0;37;1m[0;33;22m/deop: [0;37;1mA Mojang provided command.[m
[13:44:51] [Server thread/INFO]: [0;37;1m[0;33;22m/difficulty: [0;37;1mA Mojang provided command.[m
[13:44:51] [Server thread/INFO]: [0;37;1m[0;33;22m/disguise: [0;37;1mDisguise yourself as an entity.[m
[13:44:51] [Server thread/INFO]: [0;37;1m[0;33;22m/disguiseclone: [0;37;1mCopy a disguise (or entity) and use it later.[m
[13:44:51] [Server thread/INFO]: [0;37;1m[0;33;22m/disguiseentity: [0;37;1mDisguise an entity as another entity.[m
[13:44:51] [Server thread/INFO]: [0;37;1m[0;33;22m/disguisehelp: [0;37;1mHelp command for LibsDisguises.[m
[13:44:51] [Server thread/INFO]: [0;37;1m[0;33;22m/disguisemodify: [0;37;1mModify your own disguise[m
[13:44:51] [Server thread/INFO]: [0;37;1m[0;33;22m/disguisemodifyentity: [0;37;1mModify a disguise by right clicking them[m
[13:44:51] [Server thread/INFO]: [0;37;1m[0;33;22m/disguisemodifyplayer: [0;37;1mModify the disguise of a player[m
[13:44:51] [Server thread/INFO]: [0;37;1m[0;33;22m/disguisemodifyradius: [0;37;1mModify disguises in a radius[m
[13:44:51] [Server thread/INFO]: [0;37;1m[0;33;22m/disguiseplayer: [0;37;1mDisguise another player as an entity.[m
[13:44:51] [Server thread/INFO]: [0;37;1m[0;33;22m/disguiseradius: [0;37;1mDisguise all entities within a radius as an entity.[m
[13:44:51] [Server thread/INFO]: [0;37;1m[0;33;22m/disguiseviewbar: [0;37;1mToggle seeing your own disguise on or off.[m
[13:44:51] [Server thread/INFO]: [0;37;1m[0;33;22m/disguiseviewself: [0;37;1mToggle seeing your own disguise on or off.[m
[13:44:51] [Server thread/INFO]: [0;37;1m[0;33;22m/effect: [0;37;1mA Mojang provided command.[m
[13:44:51] [Server thread/INFO]: [0;37;1m[0;33;22m/enchant: [0;37;1mA Mojang provided command.[m
[13:44:51] [Server thread/INFO]: [0;37;1m[0;33;22m/execute: [0;37;1mA Mojang provided command.[m
[13:44:51] [Server thread/INFO]: [0;37;1m[0;33;22m/experience: [0;37;1mA Mojang provided command.[m
[13:44:51] [Server thread/INFO]: [0;37;1m[0;33;22m/fill: [0;37;1mA Mojang provided command.[m
[13:44:51] [Server thread/INFO]: [0;37;1m[0;33;22m/filter: [0;37;1mAdd or remove programmable filters to the packet listeners.[m
[13:44:51] [Server thread/INFO]: [0;37;1m[0;33;22m/forceload: [0;37;1mA Mojang provided command.[m
[13:44:51] [Server thread/INFO]: [0;37;1m[0;33;22m/function: [0;37;1mA Mojang provided command.[m
[13:44:51] [Server thread/INFO]: [0;37;1m[0;33;22m/gamemode: [0;37;1mA Mojang provided command.[m
[13:44:51] [Server thread/INFO]: [0;37;1m[0;33;22m/gamerule: [0;37;1mA Mojang provided command.[m
[13:44:51] [Server thread/INFO]: [0;37;1m[0;33;22m/give: [0;37;1mA Mojang provided command.[m
[13:44:51] [Server thread/INFO]: [0;37;1m[0;33;22m/grabhead: [0;37;1mGrab the head item of a skin, url or player[m
[13:44:51] [Server thread/INFO]: [0;37;1m[0;33;22m/grabskin: [0;37;1mGrab a skin from file, url or player name/uuid[m
[13:44:51] [Server thread/INFO]: [0;37;1m[0;33;22m/help: [0;37;1mShows the help menu[m
[13:44:51] [Server thread/INFO]: [0;37;1m[0;33;22m/isort: [0;37;1mToggle automatic inventory sorting or sorts the player's inventory.[m
[13:44:51] [Server thread/INFO]: [0;37;1m[0;33;22m/item: [0;37;1mA Mojang provided command.[m
[13:44:51] [Server thread/INFO]: [0;37;1m[0;33;22m/jfr: [0;37;1mA Mojang provided command.[m
[13:44:51] [Server thread/INFO]: [0;37;1m[0;33;22m/kick: [0;37;1mA Mojang provided command.[m
[13:44:51] [Server thread/INFO]: [0;37;1m[0;33;22m/kill: [0;37;1mA Mojang provided command.[m
[13:44:51] [Server thread/INFO]: [0;37;1m[0;33;22m/libsdisguises: [0;37;1mMain command for libsdisguises.[m
[13:44:51] [Server thread/INFO]: [0;37;1m[0;33;22m/list: [0;37;1mA Mojang provided command.[m
[13:44:51] [Server thread/INFO]: [0;37;1m[0;33;22m/locate: [0;37;1mA Mojang provided command.[m
[13:44:51] [Server thread/INFO]: [0;37;1m[0;33;22m/loot: [0;37;1mA Mojang provided command.[m
[13:44:51] [Server thread/INFO]: [0;37;1m[0;33;22m/me: [0;37;1mA Mojang provided command.[m
[13:44:51] [Server thread/INFO]: [0;37;1m[0;33;22m/minecraft:help: [0;37;1mA Mojang provided command.[m
[13:44:51] [Server thread/INFO]: [0;37;1m[0;33;22m/minecraft:reload: [0;37;1mA Mojang provided command.[m
[13:44:51] [Server thread/INFO]: [0;37;1m[0;33;22m/msg: [0;37;1mA Mojang provided command.[m
[13:44:51] [Server thread/INFO]: [0;37;1m[0;33;22m/op: [0;37;1mA Mojang provided command.[m
[13:44:51] [Server thread/INFO]: [0;37;1m[0;33;22m/packet: [0;37;1mAdd or remove a simple packet listener.[m
[13:44:51] [Server thread/INFO]: [0;37;1m[0;33;22m/packetlog: [0;37;1mLogs hex representations of packets to a file or console[m
[13:44:51] [Server thread/INFO]: [0;37;1m[0;33;22m/pardon: [0;37;1mA Mojang provided command.[m
[13:44:51] [Server thread/INFO]: [0;37;1m[0;33;22m/pardon-ip: [0;37;1mA Mojang provided command.[m
[13:44:51] [Server thread/INFO]: [0;37;1m[0;33;22m/particle: [0;37;1mA Mojang provided command.[m
[13:44:51] [Server thread/INFO]: [0;37;1m[0;33;22m/perf: [0;37;1mA Mojang provided command.[m
[13:44:51] [Server thread/INFO]: [0;37;1m[0;33;22m/place: [0;37;1mA Mojang provided command.[m
[13:44:51] [Server thread/INFO]: [0;37;1m[0;33;22m/placeholderapi: [0;37;1mPlaceholderAPI Command[m
[13:44:51] [Server thread/INFO]: [0;37;1m[0;33;22m/playsound: [0;37;1mA Mojang provided command.[m
[13:44:51] [Server thread/INFO]: [0;37;1m[0;33;22m/plugins: [0;37;1mGets a list of plugins running on the server[m
[13:44:51] [Server thread/INFO]: [0;37;1m[0;33;22m/protocol: [0;37;1mPerforms administrative tasks regarding ProtocolLib.[m
[13:44:51] [Server thread/INFO]: [0;37;1m[0;33;22m/recipe: [0;37;1mA Mojang provided command.[m
[13:44:51] [Server thread/INFO]: [0;37;1m[0;33;22m/reload: [0;37;1mReloads the server configuration and plugins[m
[13:44:51] [Server thread/INFO]: [0;37;1m[0;33;22m/restart: [0;37;1mRestarts the server[m
[13:44:51] [Server thread/INFO]: [0;37;1m[0;33;22m/save-all: [0;37;1mA Mojang provided command.[m
[13:44:51] [Server thread/INFO]: [0;37;1m[0;33;22m/save-off: [0;37;1mA Mojang provided command.[m
[13:44:51] [Server thread/INFO]: [0;37;1m[0;33;22m/save-on: [0;37;1mA Mojang provided command.[m
[13:44:51] [Server thread/INFO]: [0;37;1m[0;33;22m/savedisguise: [0;37;1mSave a custom disguise to disguises.yml[m
[13:44:51] [Server thread/INFO]: [0;37;1m[0;33;22m/say: [0;37;1mA Mojang provided command.[m
[13:44:51] [Server thread/INFO]: [0;37;1m[0;33;22m/schedule: [0;37;1mA Mojang provided command.[m
[13:44:51] [Server thread/INFO]: [0;37;1m[0;33;22m/scoreboard: [0;37;1mA Mojang provided command.[m
[13:44:51] [Server thread/INFO]: [0;37;1m[0;33;22m/seed: [0;37;1mA Mojang provided command.[m
[13:44:51] [Server thread/INFO]: [0;37;1m[0;33;22m/setblock: [0;37;1mA Mojang provided command.[m
[13:44:51] [Server thread/INFO]: [0;37;1m[0;33;22m/setidletimeout: [0;37;1mA Mojang provided command.[m
[13:44:51] [Server thread/INFO]: [0;37;1m[0;33;22m/setworldspawn: [0;37;1mA Mojang provided command.[m
[13:44:51] [Server thread/INFO]: [0;37;1m[0;33;22m/sort: [0;37;1mToggle automatic chest sorting or change your hotkey settings[m
[13:44:51] [Server thread/INFO]: [0;37;1m[0;33;22m/spawnpoint: [0;37;1mA Mojang provided command.[m
[13:44:51] [Server thread/INFO]: [0;37;1m[0;33;22m/spectate: [0;37;1mA Mojang provided command.[m
[13:44:51] [Server thread/INFO]: [0;37;1m[0;33;22m/spigot: [0;37;1mSpigot related commands[m
[13:44:51] [Server thread/INFO]: [0;37;1m[0;33;22m/spreadplayers: [0;37;1mA Mojang provided command.[m
[13:44:51] [Server thread/INFO]: [0;37;1m[0;33;22m/sscreamer: [0;37;1m[m
[13:44:51] [Server thread/INFO]: [0;37;1m[0;33;22m/sscreamerreload: [0;37;1m[m
[13:44:51] [Server thread/INFO]: [0;37;1m[0;33;22m/stop: [0;37;1mA Mojang provided command.[m
[13:44:51] [Server thread/INFO]: [0;37;1m[0;33;22m/stopsound: [0;37;1mA Mojang provided command.[m
[13:44:51] [Server thread/INFO]: [0;37;1m[0;33;22m/summon: [0;37;1mA Mojang provided command.[m
[13:44:51] [Server thread/INFO]: [0;37;1m[0;33;22m/tag: [0;37;1mA Mojang provided command.[m
[13:44:51] [Server thread/INFO]: [0;37;1m[0;33;22m/team: [0;37;1mA Mojang provided command.[m
[13:44:51] [Server thread/INFO]: [0;37;1m[0;33;22m/teammsg: [0;37;1mA Mojang provided command.[m
[13:44:51] [Server thread/INFO]: [0;37;1m[0;33;22m/teleport: [0;37;1mA Mojang provided command.[m
[13:44:51] [Server thread/INFO]: [0;37;1m[0;33;22m/tell: [0;37;1mA Mojang provided command.[m
[13:44:51] [Server thread/INFO]: [0;37;1m[0;33;22m/tellraw: [0;37;1mA Mojang provided command.[m
[13:44:51] [Server thread/INFO]: [0;37;1m[0;33;22m/timber: [0;37;1mUltimateTimber plugin settings and information.[m
[13:44:51] [Server thread/INFO]: [0;37;1m[0;33;22m/time: [0;37;1mA Mojang provided command.[m
[13:44:51] [Server thread/INFO]: [0;37;1m[0;33;22m/timings: [0;37;1mManages Spigot Timings data to see performance of the server.[m
[13:44:51] [Server thread/INFO]: [0;37;1m[0;33;22m/title: [0;37;1mA Mojang provided command.[m
[13:44:51] [Server thread/INFO]: [0;37;1m[0;33;22m/tm: [0;37;1mA Mojang provided command.[m
[13:44:51] [Server thread/INFO]: [0;37;1m[0;33;22m/tp: [0;37;1mA Mojang provided command.[m
[13:44:51] [Server thread/INFO]: [0;37;1m[0;33;22m/tps: [0;37;1mGets the current ticks per second for the server[m
[13:44:51] [Server thread/INFO]: [0;37;1m[0;33;22m/trigger: [0;37;1mA Mojang provided command.[m
[13:44:51] [Server thread/INFO]: [0;37;1m[0;33;22m/undisguise: [0;37;1mUndisguise yourself.[m
[13:44:51] [Server thread/INFO]: [0;37;1m[0;33;22m/undisguiseentity: [0;37;1mUndisguise an entity.[m
[13:44:51] [Server thread/INFO]: [0;37;1m[0;33;22m/undisguiseplayer: [0;37;1mUndisguise a player.[m
[13:44:51] [Server thread/INFO]: [0;37;1m[0;33;22m/undisguiseradius: [0;37;1mUndisguise all entities within a radius.[m
[13:44:51] [Server thread/INFO]: [0;37;1m[0;33;22m/vault-convert: [0;37;1mConverts all data in economy1 and dumps it into economy2[m
[13:44:51] [Server thread/INFO]: [0;37;1m[0;33;22m/vault-info: [0;37;1mDisplays information about Vault[m
[13:44:51] [Server thread/INFO]: [0;37;1m[0;33;22m/version: [0;37;1mGets the version of this server including any plugins in use[m
[13:44:51] [Server thread/INFO]: [0;37;1m[0;33;22m/w: [0;37;1mA Mojang provided command.[m
[13:44:51] [Server thread/INFO]: [0;37;1m[0;33;22m/weather: [0;37;1mA Mojang provided command.[m
[13:44:51] [Server thread/INFO]: [0;37;1m[0;33;22m/whitelist: [0;37;1mA Mojang provided command.[m
[13:44:51] [Server thread/INFO]: [0;37;1m[0;33;22m/worldborder: [0;37;1mA Mojang provided command.[m
[13:44:51] [Server thread/INFO]: [0;37;1m[0;33;22m/xp: [0;37;1mA Mojang provided command.[m
[13:44:54] [Server thread/INFO]: [0;33;1m--------- [0;37;1mHelp: Search [0;33;1m--------------------------[m
[13:44:54] [Server thread/INFO]: [0;37;22mSearch for: sscream[m
[13:44:54] [Server thread/INFO]: [0;37;22m[0;33;22msScreamer: [0;37;1mAll commands for sScreamer[m
[13:44:54] [Server thread/INFO]: [0;37;1m[0;33;22m/sscreamer: [0;37;1m[m
[13:44:54] [Server thread/INFO]: [0;37;1m[0;33;22m/sscreamerreload: [0;37;1m[m
[13:45:07] [Server thread/INFO]: [m
[13:45:07] [Server thread/INFO]: [0;31;1m[21m[sScreamer] - [0;37;1mYou have scared [0;33;1mbaeryy.[m
[13:45:07] [Server thread/INFO]: [m
[13:45:59] [Server thread/INFO]: Unknown command. Type "/help" for help.[m
[13:46:32] [Server thread/INFO]: Unknown item 'minecraft:64'
[13:46:32] [Server thread/INFO]: ... curbanii 64 minecraft:torch<--[HERE]
[13:46:49] [Server thread/INFO]: Expected integer
[13:46:49] [Server thread/INFO]: ...aft:torch curbanii<--[HERE]
[13:46:58] [Server thread/INFO]: Expected whitespace to end one argument, but found trailing data
[13:46:58] [Server thread/INFO]: ... minecraft:torch 64 curbanii<--[HERE]
[13:47:10] [Server thread/INFO]: Gave 64 [Torch] to Curbanii
[13:47:23] [Server thread/INFO]: Unknown command. Type "/help" for help.[m
[13:47:36] [Server thread/INFO]: [m
[13:47:36] [Server thread/INFO]: [0;31;1m[21m[sScreamer] - [0;37;1mYou have scared [0;33;1mbaeryy.[m
[13:47:36] [Server thread/INFO]: [m
[13:48:16] [Server thread/INFO]: Gave 64 [Cobblestone] to Curbanii
[13:50:05] [Server thread/INFO]: Unknown command. Type "/help" for help.[m
[13:51:03] [Server thread/INFO]: Teleported baeryy to Curbanii
[13:51:33] [Server thread/INFO]: Curbanii lost connection: Disconnected
[13:51:33] [Server thread/WARN]: java.lang.NullPointerException: Cannot invoke "java.lang.Class.getConstructor(java.lang.Class[])" because the return value of "me.libraryaddict.disguise.disguisetypes.DisguiseType.getWatcherClass()" is null
[13:51:33] [Server thread/WARN]: 	at me.libraryaddict.disguise.disguisetypes.Disguise.createDisguise(Disguise.java:277)
[13:51:33] [Server thread/WARN]: 	at me.libraryaddict.disguise.disguisetypes.PlayerDisguise.<init>(PlayerDisguise.java:69)
[13:51:33] [Server thread/WARN]: 	at me.libraryaddict.disguise.disguisetypes.PlayerDisguise.<init>(PlayerDisguise.java:49)
[13:51:33] [Server thread/WARN]: 	at de.snap20lp.offlineplayers.OfflinePlayer.spawnClone(OfflinePlayer.java:238)
[13:51:33] [Server thread/WARN]: 	at de.snap20lp.offlineplayers.OfflinePlayer.<init>(OfflinePlayer.java:63)
[13:51:33] [Server thread/WARN]: 	at de.snap20lp.offlineplayers.OfflinePlayers.on(OfflinePlayers.java:187)
[13:51:33] [Server thread/WARN]: 	at java.base/jdk.internal.reflect.NativeMethodAccessorImpl.invoke0(Native Method)
[13:51:33] [Server thread/WARN]: 	at java.base/jdk.internal.reflect.NativeMethodAccessorImpl.invoke(NativeMethodAccessorImpl.java:77)
[13:51:33] [Server thread/WARN]: 	at java.base/jdk.internal.reflect.DelegatingMethodAccessorImpl.invoke(DelegatingMethodAccessorImpl.java:43)
[13:51:33] [Server thread/WARN]: 	at java.base/java.lang.reflect.Method.invoke(Method.java:568)
[13:51:33] [Server thread/WARN]: 	at org.bukkit.plugin.java.JavaPluginLoader$1.execute(JavaPluginLoader.java:306)
[13:51:33] [Server thread/WARN]: 	at org.bukkit.plugin.RegisteredListener.callEvent(RegisteredListener.java:70)
[13:51:33] [Server thread/WARN]: 	at org.bukkit.plugin.SimplePluginManager.fireEvent(SimplePluginManager.java:589)
[13:51:33] [Server thread/WARN]: 	at org.bukkit.plugin.SimplePluginManager.callEvent(SimplePluginManager.java:576)
[13:51:33] [Server thread/WARN]: 	at net.minecraft.server.players.PlayerList.remove(PlayerList.java:501)
[13:51:33] [Server thread/WARN]: 	at net.minecraft.server.network.PlayerConnection.a(PlayerConnection.java:1725)
[13:51:33] [Server thread/WARN]: 	at net.minecraft.network.NetworkManager.m(NetworkManager.java:416)
[13:51:33] [Server thread/WARN]: 	at net.minecraft.server.network.ServerConnection.c(ServerConnection.java:193)
[13:51:33] [Server thread/WARN]: 	at net.minecraft.server.MinecraftServer.b(MinecraftServer.java:1312)
[13:51:33] [Server thread/WARN]: 	at net.minecraft.server.dedicated.DedicatedServer.b(DedicatedServer.java:394)
[13:51:33] [Server thread/WARN]: 	at net.minecraft.server.MinecraftServer.a(MinecraftServer.java:1197)
[13:51:33] [Server thread/WARN]: 	at net.minecraft.server.MinecraftServer.v(MinecraftServer.java:1010)
[13:51:33] [Server thread/WARN]: 	at net.minecraft.server.MinecraftServer.lambda$0(MinecraftServer.java:291)
[13:51:33] [Server thread/WARN]: 	at java.base/java.lang.Thread.run(Thread.java:833)
[13:51:33] [Server thread/ERROR]: Could not pass event PlayerQuitEvent to OfflinePlayers v2.7
org.bukkit.event.EventException: null
	at org.bukkit.plugin.java.JavaPluginLoader$1.execute(JavaPluginLoader.java:310) ~[spigot-api-1.19-R0.1-SNAPSHOT.jar:?]
	at org.bukkit.plugin.RegisteredListener.callEvent(RegisteredListener.java:70) ~[spigot-api-1.19-R0.1-SNAPSHOT.jar:?]
	at org.bukkit.plugin.SimplePluginManager.fireEvent(SimplePluginManager.java:589) ~[spigot-api-1.19-R0.1-SNAPSHOT.jar:?]
	at org.bukkit.plugin.SimplePluginManager.callEvent(SimplePluginManager.java:576) ~[spigot-api-1.19-R0.1-SNAPSHOT.jar:?]
	at net.minecraft.server.players.PlayerList.remove(PlayerList.java:501) ~[spigot-1.19-R0.1-SNAPSHOT.jar:3553-Spigot-14a2382-ef09464]
	at net.minecraft.server.network.PlayerConnection.a(PlayerConnection.java:1725) ~[spigot-1.19-R0.1-SNAPSHOT.jar:3553-Spigot-14a2382-ef09464]
	at net.minecraft.network.NetworkManager.m(NetworkManager.java:416) ~[spigot-1.19-R0.1-SNAPSHOT.jar:3553-Spigot-14a2382-ef09464]
	at net.minecraft.server.network.ServerConnection.c(ServerConnection.java:193) ~[spigot-1.19-R0.1-SNAPSHOT.jar:3553-Spigot-14a2382-ef09464]
	at net.minecraft.server.MinecraftServer.b(MinecraftServer.java:1312) ~[spigot-1.19-R0.1-SNAPSHOT.jar:3553-Spigot-14a2382-ef09464]
	at net.minecraft.server.dedicated.DedicatedServer.b(DedicatedServer.java:394) ~[spigot-1.19-R0.1-SNAPSHOT.jar:3553-Spigot-14a2382-ef09464]
	at net.minecraft.server.MinecraftServer.a(MinecraftServer.java:1197) ~[spigot-1.19-R0.1-SNAPSHOT.jar:3553-Spigot-14a2382-ef09464]
	at net.minecraft.server.MinecraftServer.v(MinecraftServer.java:1010) ~[spigot-1.19-R0.1-SNAPSHOT.jar:3553-Spigot-14a2382-ef09464]
	at net.minecraft.server.MinecraftServer.lambda$0(MinecraftServer.java:291) ~[spigot-1.19-R0.1-SNAPSHOT.jar:3553-Spigot-14a2382-ef09464]
	at java.lang.Thread.run(Thread.java:833) [?:?]
Caused by: java.lang.NullPointerException: Cannot invoke "me.libraryaddict.disguise.disguisetypes.FlagWatcher.setCustomName(String)" because the return value of "me.libraryaddict.disguise.disguisetypes.TargetedDisguise.getWatcher()" is null
	at de.snap20lp.offlineplayers.OfflinePlayer.spawnClone(OfflinePlayer.java:246) ~[?:?]
	at de.snap20lp.offlineplayers.OfflinePlayer.<init>(OfflinePlayer.java:63) ~[?:?]
	at de.snap20lp.offlineplayers.OfflinePlayers.on(OfflinePlayers.java:187) ~[?:?]
	at jdk.internal.reflect.NativeMethodAccessorImpl.invoke0(Native Method) ~[?:?]
	at jdk.internal.reflect.NativeMethodAccessorImpl.invoke(NativeMethodAccessorImpl.java:77) ~[?:?]
	at jdk.internal.reflect.DelegatingMethodAccessorImpl.invoke(DelegatingMethodAccessorImpl.java:43) ~[?:?]
	at java.lang.reflect.Method.invoke(Method.java:568) ~[?:?]
	at org.bukkit.plugin.java.JavaPluginLoader$1.execute(JavaPluginLoader.java:306) ~[spigot-api-1.19-R0.1-SNAPSHOT.jar:?]
	... 13 more
[13:51:33] [Server thread/INFO]: Curbanii left the game
[13:51:35] [Server thread/INFO]: baeryy lost connection: Disconnected
[13:51:35] [Server thread/WARN]: java.lang.NullPointerException: Cannot invoke "java.lang.Class.getConstructor(java.lang.Class[])" because the return value of "me.libraryaddict.disguise.disguisetypes.DisguiseType.getWatcherClass()" is null
[13:51:35] [Server thread/WARN]: 	at me.libraryaddict.disguise.disguisetypes.Disguise.createDisguise(Disguise.java:277)
[13:51:35] [Server thread/WARN]: 	at me.libraryaddict.disguise.disguisetypes.PlayerDisguise.<init>(PlayerDisguise.java:69)
[13:51:35] [Server thread/WARN]: 	at me.libraryaddict.disguise.disguisetypes.PlayerDisguise.<init>(PlayerDisguise.java:49)
[13:51:35] [Server thread/WARN]: 	at de.snap20lp.offlineplayers.OfflinePlayer.spawnClone(OfflinePlayer.java:238)
[13:51:35] [Server thread/WARN]: 	at de.snap20lp.offlineplayers.OfflinePlayer.<init>(OfflinePlayer.java:63)
[13:51:35] [Server thread/WARN]: 	at de.snap20lp.offlineplayers.OfflinePlayers.on(OfflinePlayers.java:187)
[13:51:35] [Server thread/WARN]: 	at java.base/jdk.internal.reflect.NativeMethodAccessorImpl.invoke0(Native Method)
[13:51:35] [Server thread/WARN]: 	at java.base/jdk.internal.reflect.NativeMethodAccessorImpl.invoke(NativeMethodAccessorImpl.java:77)
[13:51:35] [Server thread/WARN]: 	at java.base/jdk.internal.reflect.DelegatingMethodAccessorImpl.invoke(DelegatingMethodAccessorImpl.java:43)
[13:51:35] [Server thread/WARN]: 	at java.base/java.lang.reflect.Method.invoke(Method.java:568)
[13:51:35] [Server thread/WARN]: 	at org.bukkit.plugin.java.JavaPluginLoader$1.execute(JavaPluginLoader.java:306)
[13:51:35] [Server thread/WARN]: 	at org.bukkit.plugin.RegisteredListener.callEvent(RegisteredListener.java:70)
[13:51:35] [Server thread/WARN]: 	at org.bukkit.plugin.SimplePluginManager.fireEvent(SimplePluginManager.java:589)
[13:51:35] [Server thread/WARN]: 	at org.bukkit.plugin.SimplePluginManager.callEvent(SimplePluginManager.java:576)
[13:51:35] [Server thread/WARN]: 	at net.minecraft.server.players.PlayerList.remove(PlayerList.java:501)
[13:51:35] [Server thread/WARN]: 	at net.minecraft.server.network.PlayerConnection.a(PlayerConnection.java:1725)
[13:51:35] [Server thread/WARN]: 	at net.minecraft.network.NetworkManager.m(NetworkManager.java:416)
[13:51:35] [Server thread/WARN]: 	at net.minecraft.server.network.ServerConnection.c(ServerConnection.java:193)
[13:51:35] [Server thread/WARN]: 	at net.minecraft.server.MinecraftServer.b(MinecraftServer.java:1312)
[13:51:35] [Server thread/WARN]: 	at net.minecraft.server.dedicated.DedicatedServer.b(DedicatedServer.java:394)
[13:51:35] [Server thread/WARN]: 	at net.minecraft.server.MinecraftServer.a(MinecraftServer.java:1197)
[13:51:35] [Server thread/WARN]: 	at net.minecraft.server.MinecraftServer.v(MinecraftServer.java:1010)
[13:51:35] [Server thread/WARN]: 	at net.minecraft.server.MinecraftServer.lambda$0(MinecraftServer.java:291)
[13:51:35] [Server thread/WARN]: 	at java.base/java.lang.Thread.run(Thread.java:833)
[13:51:35] [Server thread/ERROR]: Could not pass event PlayerQuitEvent to OfflinePlayers v2.7
org.bukkit.event.EventException: null
	at org.bukkit.plugin.java.JavaPluginLoader$1.execute(JavaPluginLoader.java:310) ~[spigot-api-1.19-R0.1-SNAPSHOT.jar:?]
	at org.bukkit.plugin.RegisteredListener.callEvent(RegisteredListener.java:70) ~[spigot-api-1.19-R0.1-SNAPSHOT.jar:?]
	at org.bukkit.plugin.SimplePluginManager.fireEvent(SimplePluginManager.java:589) ~[spigot-api-1.19-R0.1-SNAPSHOT.jar:?]
	at org.bukkit.plugin.SimplePluginManager.callEvent(SimplePluginManager.java:576) ~[spigot-api-1.19-R0.1-SNAPSHOT.jar:?]
	at net.minecraft.server.players.PlayerList.remove(PlayerList.java:501) ~[spigot-1.19-R0.1-SNAPSHOT.jar:3553-Spigot-14a2382-ef09464]
	at net.minecraft.server.network.PlayerConnection.a(PlayerConnection.java:1725) ~[spigot-1.19-R0.1-SNAPSHOT.jar:3553-Spigot-14a2382-ef09464]
	at net.minecraft.network.NetworkManager.m(NetworkManager.java:416) ~[spigot-1.19-R0.1-SNAPSHOT.jar:3553-Spigot-14a2382-ef09464]
	at net.minecraft.server.network.ServerConnection.c(ServerConnection.java:193) ~[spigot-1.19-R0.1-SNAPSHOT.jar:3553-Spigot-14a2382-ef09464]
	at net.minecraft.server.MinecraftServer.b(MinecraftServer.java:1312) ~[spigot-1.19-R0.1-SNAPSHOT.jar:3553-Spigot-14a2382-ef09464]
	at net.minecraft.server.dedicated.DedicatedServer.b(DedicatedServer.java:394) ~[spigot-1.19-R0.1-SNAPSHOT.jar:3553-Spigot-14a2382-ef09464]
	at net.minecraft.server.MinecraftServer.a(MinecraftServer.java:1197) ~[spigot-1.19-R0.1-SNAPSHOT.jar:3553-Spigot-14a2382-ef09464]
	at net.minecraft.server.MinecraftServer.v(MinecraftServer.java:1010) ~[spigot-1.19-R0.1-SNAPSHOT.jar:3553-Spigot-14a2382-ef09464]
	at net.minecraft.server.MinecraftServer.lambda$0(MinecraftServer.java:291) ~[spigot-1.19-R0.1-SNAPSHOT.jar:3553-Spigot-14a2382-ef09464]
	at java.lang.Thread.run(Thread.java:833) [?:?]
Caused by: java.lang.NullPointerException: Cannot invoke "me.libraryaddict.disguise.disguisetypes.FlagWatcher.setCustomName(String)" because the return value of "me.libraryaddict.disguise.disguisetypes.TargetedDisguise.getWatcher()" is null
	at de.snap20lp.offlineplayers.OfflinePlayer.spawnClone(OfflinePlayer.java:246) ~[?:?]
	at de.snap20lp.offlineplayers.OfflinePlayer.<init>(OfflinePlayer.java:63) ~[?:?]
	at de.snap20lp.offlineplayers.OfflinePlayers.on(OfflinePlayers.java:187) ~[?:?]
	at jdk.internal.reflect.NativeMethodAccessorImpl.invoke0(Native Method) ~[?:?]
	at jdk.internal.reflect.NativeMethodAccessorImpl.invoke(NativeMethodAccessorImpl.java:77) ~[?:?]
	at jdk.internal.reflect.DelegatingMethodAccessorImpl.invoke(DelegatingMethodAccessorImpl.java:43) ~[?:?]
	at java.lang.reflect.Method.invoke(Method.java:568) ~[?:?]
	at org.bukkit.plugin.java.JavaPluginLoader$1.execute(JavaPluginLoader.java:306) ~[spigot-api-1.19-R0.1-SNAPSHOT.jar:?]
	... 13 more
[13:51:35] [Server thread/INFO]: baeryy left the game
